<?xml version="1.0" ?>
<!DOCTYPE coverage SYSTEM 'http://cobertura.sourceforge.net/xml/coverage-03.dtd'>
<coverage line-rate="0.000" version="1.9" timestamp="1543435864">
	<sources>
		<source>/</source>
	</sources>
	<packages>
		<package name="mipl_parser" line-rate="0.000" branch-rate="1.0" complexity="1.0">
			<classes>
				<class name="emmintrin_h" filename="usr/lib/gcc/x86_64-linux-gnu/5/include/emmintrin.h" line-rate="0.000">
					<lines>
						<line number="692" hits="0"/>
						<line number="698" hits="0"/>
					</lines>
				</class>
				<class name="smmintrin_h" filename="usr/lib/gcc/x86_64-linux-gnu/5/include/smmintrin.h" line-rate="0.000">
					<lines>
						<line number="633" hits="0"/>
						<line number="686" hits="0"/>
						<line number="710" hits="0"/>
					</lines>
				</class>
				<class name="cpp_type_traits_h" filename="usr/include/c++/7/bits/cpp_type_traits.h" line-rate="0.000">
					<lines>
						<line number="408" hits="0"/>
						<line number="409" hits="0"/>
					</lines>
				</class>
				<class name="stl_construct_h" filename="usr/include/c++/7/bits/stl_construct.h" line-rate="0.750">
					<lines>
						<line number="97" hits="0"/>
						<line number="98" hits="0"/>
						<line number="105" hits="1"/>
						<line number="107" hits="1"/>
						<line number="108" hits="0"/>
						<line number="109" hits="1"/>
						<line number="127" hits="1"/>
						<line number="137" hits="1"/>
						<line number="138" hits="1"/>
						<line number="203" hits="1"/>
						<line number="206" hits="1"/>
						<line number="207" hits="1"/>
					</lines>
				</class>
				<class name="stl_algobase_h" filename="usr/include/c++/7/bits/stl_algobase.h" line-rate="0.093">
					<lines>
						<line number="219" hits="1"/>
						<line number="224" hits="1"/>
						<line number="225" hits="0"/>
						<line number="226" hits="1"/>
						<line number="227" hits="1"/>
						<line number="277" hits="0"/>
						<line number="278" hits="0"/>
						<line number="357" hits="0"/>
						<line number="366" hits="0"/>
						<line number="367" hits="0"/>
						<line number="368" hits="0"/>
						<line number="369" hits="0"/>
						<line number="370" hits="0"/>
						<line number="375" hits="0"/>
						<line number="380" hits="0"/>
						<line number="386" hits="0"/>
						<line number="387" hits="0"/>
						<line number="420" hits="0"/>
						<line number="422" hits="0"/>
						<line number="424" hits="0"/>
						<line number="425" hits="0"/>
						<line number="446" hits="0"/>
						<line number="455" hits="0"/>
						<line number="456" hits="0"/>
						<line number="457" hits="0"/>
						<line number="559" hits="0"/>
						<line number="568" hits="0"/>
						<line number="569" hits="0"/>
						<line number="570" hits="0"/>
						<line number="571" hits="0"/>
						<line number="572" hits="0"/>
						<line number="577" hits="0"/>
						<line number="582" hits="0"/>
						<line number="590" hits="0"/>
						<line number="591" hits="0"/>
						<line number="595" hits="0"/>
						<line number="598" hits="0"/>
						<line number="599" hits="0"/>
						<line number="600" hits="0"/>
						<line number="622" hits="0"/>
						<line number="633" hits="0"/>
						<line number="634" hits="0"/>
						<line number="635" hits="0"/>
					</lines>
				</class>
				<class name="allocated_ptr_h" filename="usr/include/c++/7/bits/allocated_ptr.h" line-rate="0.909">
					<lines>
						<line number="52" hits="1"/>
						<line number="53" hits="1"/>
						<line number="54" hits="1"/>
						<line number="70" hits="1"/>
						<line number="72" hits="1"/>
						<line number="73" hits="0"/>
						<line number="74" hits="1"/>
						<line number="78" hits="1"/>
						<line number="80" hits="1"/>
						<line number="81" hits="1"/>
						<line number="82" hits="1"/>
					</lines>
				</class>
				<class name="alloc_traits_h" filename="usr/include/c++/7/ext/alloc_traits.h" line-rate="1.000">
					<lines>
						<line number="94" hits="2"/>
						<line number="95" hits="1"/>
					</lines>
				</class>
				<class name="deque_tcc" filename="usr/include/c++/7/bits/deque.tcc" line-rate="0.206">
					<lines>
						<line number="161" hits="1"/>
						<line number="164" hits="2"/>
						<line number="165" hits="1"/>
						<line number="167" hits="1"/>
						<line number="170" hits="1"/>
						<line number="173" hits="0"/>
						<line number="177" hits="2"/>
						<line number="478" hits="0"/>
						<line number="486" hits="0"/>
						<line number="487" hits="0"/>
						<line number="491" hits="0"/>
						<line number="497" hits="0"/>
						<line number="499" hits="0"/>
						<line number="501" hits="0"/>
						<line number="503" hits="0"/>
						<line number="504" hits="0"/>
						<line number="506" hits="0"/>
						<line number="546" hits="0"/>
						<line number="549" hits="0"/>
						<line number="550" hits="0"/>
						<line number="551" hits="0"/>
						<line number="552" hits="0"/>
						<line number="554" hits="0"/>
						<line number="845" hits="1"/>
						<line number="848" hits="1"/>
						<line number="849" hits="1"/>
						<line number="850" hits="0"/>
						<line number="851" hits="0"/>
						<line number="853" hits="1"/>
						<line number="855" hits="0"/>
						<line number="856" hits="0"/>
						<line number="857" hits="0"/>
						<line number="858" hits="0"/>
						<line number="861" hits="1"/>
						<line number="862" hits="1"/>
						<line number="863" hits="1"/>
						<line number="917" hits="0"/>
						<line number="920" hits="0"/>
						<line number="921" hits="0"/>
						<line number="922" hits="0"/>
						<line number="925" hits="0"/>
						<line number="927" hits="0"/>
						<line number="928" hits="0"/>
						<line number="929" hits="0"/>
						<line number="930" hits="0"/>
						<line number="931" hits="0"/>
						<line number="932" hits="0"/>
						<line number="935" hits="0"/>
						<line number="936" hits="0"/>
						<line number="937" hits="0"/>
						<line number="941" hits="0"/>
						<line number="942" hits="0"/>
						<line number="945" hits="0"/>
						<line number="946" hits="0"/>
						<line number="947" hits="0"/>
						<line number="948" hits="0"/>
						<line number="949" hits="0"/>
						<line number="951" hits="0"/>
						<line number="953" hits="0"/>
						<line number="954" hits="0"/>
						<line number="957" hits="0"/>
						<line number="958" hits="0"/>
						<line number="959" hits="0"/>
					</lines>
				</class>
				<class name="basic_string_h" filename="usr/include/c++/7/bits/basic_string.h" line-rate="1.000">
					<lines>
						<line number="6082" hits="1"/>
						<line number="6085" hits="1"/>
					</lines>
				</class>
				<class name="list_tcc" filename="usr/include/c++/7/bits/list.tcc" line-rate="1.000">
					<lines>
						<line number="65" hits="1"/>
						<line number="69" hits="1"/>
						<line number="70" hits="2"/>
						<line number="72" hits="1"/>
						<line number="73" hits="1"/>
						<line number="74" hits="1"/>
						<line number="76" hits="1"/>
						<line number="80" hits="1"/>
						<line number="82" hits="1"/>
					</lines>
				</class>
				<class name="new_allocator_h" filename="usr/include/c++/7/ext/new_allocator.h" line-rate="0.938">
					<lines>
						<line number="79" hits="8"/>
						<line number="81" hits="2"/>
						<line number="86" hits="8"/>
						<line number="99" hits="4"/>
						<line number="101" hits="4"/>
						<line number="102" hits="0"/>
						<line number="111" hits="4"/>
						<line number="112" hits="4"/>
						<line number="116" hits="4"/>
						<line number="125" hits="4"/>
						<line number="126" hits="4"/>
						<line number="129" hits="4"/>
						<line number="130" hits="4"/>
						<line number="135" hits="5"/>
						<line number="136" hits="5"/>
						<line number="140" hits="6"/>
					</lines>
				</class>
				<class name="mipl_y" filename="home/drc/Desktop/CS5500/HW3/mipl.y" line-rate="0.803">
					<lines>
						<line number="38" hits="0"/>
						<line number="55" hits="1"/>
						<line number="56" hits="1"/>
						<line number="117" hits="1"/>
						<line number="118" hits="1"/>
						<line number="119" hits="1"/>
						<line number="139" hits="1"/>
						<line number="143" hits="1"/>
						<line number="150" hits="1"/>
						<line number="152" hits="1"/>
						<line number="153" hits="1"/>
						<line number="154" hits="1"/>
						<line number="155" hits="1"/>
						<line number="160" hits="1"/>
						<line number="161" hits="1"/>
						<line number="162" hits="1"/>
						<line number="163" hits="1"/>
						<line number="164" hits="1"/>
						<line number="169" hits="1"/>
						<line number="173" hits="1"/>
						<line number="174" hits="0"/>
						<line number="178" hits="1"/>
						<line number="179" hits="0"/>
						<line number="183" hits="1"/>
						<line number="185" hits="1"/>
						<line number="186" hits="0"/>
						<line number="191" hits="1"/>
						<line number="192" hits="0"/>
						<line number="196" hits="1"/>
						<line number="197" hits="0"/>
						<line number="201" hits="1"/>
						<line number="202" hits="0"/>
						<line number="208" hits="1"/>
						<line number="210" hits="1"/>
						<line number="215" hits="1"/>
						<line number="216" hits="1"/>
						<line number="217" hits="1"/>
						<line number="218" hits="1"/>
						<line number="219" hits="1"/>
						<line number="223" hits="1"/>
						<line number="224" hits="1"/>
						<line number="225" hits="1"/>
						<line number="226" hits="1"/>
						<line number="227" hits="1"/>
						<line number="232" hits="1"/>
						<line number="238" hits="1"/>
						<line number="241" hits="1"/>
						<line number="242" hits="0"/>
						<line number="247" hits="1"/>
						<line number="250" hits="1"/>
						<line number="251" hits="0"/>
						<line number="257" hits="1"/>
						<line number="258" hits="1"/>
						<line number="259" hits="1"/>
						<line number="260" hits="1"/>
						<line number="261" hits="1"/>
						<line number="265" hits="1"/>
						<line number="266" hits="1"/>
						<line number="267" hits="1"/>
						<line number="268" hits="1"/>
						<line number="269" hits="1"/>
						<line number="273" hits="1"/>
						<line number="274" hits="1"/>
						<line number="275" hits="1"/>
						<line number="276" hits="1"/>
						<line number="277" hits="1"/>
						<line number="282" hits="1"/>
						<line number="283" hits="1"/>
						<line number="284" hits="1"/>
						<line number="285" hits="1"/>
						<line number="286" hits="1"/>
						<line number="291" hits="1"/>
						<line number="292" hits="1"/>
						<line number="293" hits="1"/>
						<line number="294" hits="1"/>
						<line number="295" hits="1"/>
						<line number="299" hits="1"/>
						<line number="303" hits="1"/>
						<line number="305" hits="1"/>
						<line number="306" hits="0"/>
						<line number="311" hits="1"/>
						<line number="312" hits="0"/>
						<line number="316" hits="1"/>
						<line number="317" hits="0"/>
						<line number="321" hits="1"/>
						<line number="322" hits="0"/>
						<line number="325" hits="1"/>
						<line number="326" hits="1"/>
						<line number="327" hits="1"/>
						<line number="328" hits="1"/>
						<line number="333" hits="1"/>
						<line number="334" hits="1"/>
						<line number="335" hits="0"/>
						<line number="338" hits="1"/>
						<line number="339" hits="1"/>
						<line number="340" hits="1"/>
						<line number="341" hits="1"/>
						<line number="345" hits="1"/>
						<line number="346" hits="1"/>
						<line number="347" hits="1"/>
						<line number="348" hits="1"/>
						<line number="349" hits="1"/>
						<line number="353" hits="1"/>
						<line number="355" hits="1"/>
						<line number="356" hits="1"/>
						<line number="357" hits="1"/>
						<line number="358" hits="1"/>
						<line number="362" hits="1"/>
						<line number="364" hits="1"/>
						<line number="365" hits="0"/>
						<line number="368" hits="1"/>
						<line number="369" hits="1"/>
						<line number="370" hits="1"/>
						<line number="371" hits="1"/>
						<line number="376" hits="1"/>
						<line number="377" hits="1"/>
						<line number="382" hits="1"/>
						<line number="386" hits="1"/>
						<line number="388" hits="2"/>
						<line number="389" hits="1"/>
						<line number="394" hits="1"/>
						<line number="395" hits="1"/>
						<line number="400" hits="1"/>
						<line number="401" hits="1"/>
						<line number="402" hits="0"/>
						<line number="405" hits="1"/>
						<line number="406" hits="1"/>
						<line number="407" hits="1"/>
						<line number="408" hits="1"/>
						<line number="413" hits="1"/>
						<line number="417" hits="1"/>
						<line number="418" hits="0"/>
						<line number="421" hits="1"/>
						<line number="423" hits="0"/>
						<line number="424" hits="0"/>
						<line number="428" hits="1"/>
						<line number="429" hits="0"/>
						<line number="435" hits="1"/>
						<line number="439" hits="0"/>
						<line number="445" hits="1"/>
						<line number="447" hits="1"/>
						<line number="449" hits="0"/>
						<line number="450" hits="0"/>
						<line number="452" hits="0"/>
						<line number="453" hits="0"/>
						<line number="456" hits="1"/>
						<line number="457" hits="1"/>
						<line number="458" hits="1"/>
						<line number="459" hits="1"/>
						<line number="460" hits="1"/>
						<line number="465" hits="1"/>
						<line number="466" hits="1"/>
						<line number="486" hits="1"/>
						<line number="490" hits="1"/>
						<line number="492" hits="1"/>
						<line number="493" hits="1"/>
						<line number="494" hits="0"/>
						<line number="501" hits="1"/>
						<line number="503" hits="1"/>
						<line number="505" hits="1"/>
						<line number="506" hits="0"/>
						<line number="508" hits="1"/>
						<line number="509" hits="0"/>
						<line number="514" hits="1"/>
						<line number="515" hits="1"/>
						<line number="516" hits="1"/>
						<line number="517" hits="1"/>
						<line number="522" hits="1"/>
						<line number="526" hits="1"/>
						<line number="531" hits="1"/>
						<line number="536" hits="1"/>
						<line number="538" hits="2"/>
						<line number="539" hits="1"/>
						<line number="541" hits="1"/>
						<line number="542" hits="1"/>
						<line number="543" hits="1"/>
						<line number="544" hits="1"/>
						<line number="545" hits="0"/>
						<line number="546" hits="0"/>
						<line number="549" hits="1"/>
						<line number="554" hits="1"/>
						<line number="558" hits="1"/>
						<line number="564" hits="1"/>
						<line number="565" hits="2"/>
						<line number="567" hits="1"/>
						<line number="568" hits="1"/>
						<line number="569" hits="0"/>
						<line number="570" hits="0"/>
						<line number="572" hits="1"/>
						<line number="573" hits="1"/>
						<line number="574" hits="1"/>
						<line number="575" hits="1"/>
						<line number="580" hits="1"/>
						<line number="581" hits="1"/>
						<line number="582" hits="1"/>
						<line number="583" hits="1"/>
						<line number="584" hits="1"/>
						<line number="589" hits="1"/>
						<line number="591" hits="2"/>
						<line number="592" hits="1"/>
						<line number="594" hits="1"/>
						<line number="595" hits="1"/>
						<line number="596" hits="1"/>
						<line number="603" hits="1"/>
						<line number="604" hits="1"/>
						<line number="609" hits="1"/>
						<line number="615" hits="1"/>
						<line number="619" hits="1"/>
						<line number="623" hits="1"/>
						<line number="627" hits="1"/>
						<line number="631" hits="1"/>
						<line number="635" hits="0"/>
						<line number="640" hits="1"/>
						<line number="641" hits="1"/>
						<line number="645" hits="0"/>
						<line number="646" hits="0"/>
						<line number="650" hits="0"/>
						<line number="651" hits="0"/>
						<line number="656" hits="1"/>
						<line number="657" hits="1"/>
						<line number="658" hits="1"/>
						<line number="659" hits="1"/>
						<line number="660" hits="1"/>
						<line number="664" hits="0"/>
						<line number="665" hits="0"/>
						<line number="666" hits="0"/>
						<line number="667" hits="0"/>
						<line number="668" hits="0"/>
						<line number="672" hits="1"/>
						<line number="673" hits="1"/>
						<line number="674" hits="1"/>
						<line number="675" hits="1"/>
						<line number="676" hits="1"/>
						<line number="681" hits="1"/>
						<line number="683" hits="1"/>
						<line number="684" hits="1"/>
						<line number="685" hits="1"/>
						<line number="686" hits="1"/>
						<line number="691" hits="1"/>
						<line number="695" hits="1"/>
						<line number="699" hits="1"/>
						<line number="703" hits="1"/>
						<line number="707" hits="1"/>
						<line number="711" hits="1"/>
						<line number="715" hits="1"/>
						<line number="720" hits="1"/>
						<line number="724" hits="1"/>
						<line number="730" hits="1"/>
						<line number="735" hits="1"/>
						<line number="736" hits="1"/>
						<line number="737" hits="1"/>
						<line number="738" hits="1"/>
						<line number="739" hits="1"/>
						<line number="744" hits="1"/>
						<line number="745" hits="1"/>
						<line number="746" hits="1"/>
						<line number="747" hits="1"/>
						<line number="748" hits="1"/>
						<line number="752" hits="1"/>
						<line number="753" hits="1"/>
						<line number="754" hits="1"/>
						<line number="755" hits="1"/>
						<line number="756" hits="1"/>
						<line number="761" hits="1"/>
						<line number="763" hits="2"/>
						<line number="764" hits="1"/>
						<line number="766" hits="1"/>
						<line number="767" hits="1"/>
						<line number="768" hits="1"/>
						<line number="769" hits="2"/>
						<line number="770" hits="1"/>
						<line number="771" hits="1"/>
						<line number="772" hits="1"/>
						<line number="773" hits="1"/>
						<line number="774" hits="0"/>
						<line number="775" hits="0"/>
						<line number="778" hits="1"/>
						<line number="783" hits="1"/>
						<line number="787" hits="1"/>
						<line number="793" hits="0"/>
						<line number="797" hits="1"/>
						<line number="803" hits="1"/>
						<line number="804" hits="1"/>
						<line number="805" hits="1"/>
						<line number="806" hits="1"/>
						<line number="807" hits="1"/>
						<line number="808" hits="1"/>
						<line number="812" hits="1"/>
						<line number="813" hits="1"/>
						<line number="814" hits="1"/>
						<line number="815" hits="1"/>
						<line number="816" hits="1"/>
						<line number="817" hits="1"/>
						<line number="822" hits="1"/>
						<line number="823" hits="2"/>
						<line number="825" hits="1"/>
						<line number="826" hits="1"/>
						<line number="827" hits="0"/>
						<line number="828" hits="0"/>
						<line number="830" hits="1"/>
						<line number="831" hits="1"/>
						<line number="832" hits="1"/>
						<line number="833" hits="1"/>
						<line number="837" hits="1"/>
						<line number="838" hits="0"/>
						<line number="843" hits="1"/>
						<line number="849" hits="1"/>
						<line number="856" hits="0"/>
						<line number="857" hits="0"/>
						<line number="861" hits="1"/>
						<line number="862" hits="1"/>
						<line number="867" hits="0"/>
						<line number="872" hits="1"/>
						<line number="876" hits="1"/>
						<line number="881" hits="1"/>
						<line number="882" hits="1"/>
						<line number="886" hits="1"/>
						<line number="887" hits="1"/>
						<line number="892" hits="1"/>
						<line number="897" hits="0"/>
						<line number="901" hits="1"/>
						<line number="911" hits="1"/>
						<line number="914" hits="1"/>
						<line number="915" hits="1"/>
						<line number="918" hits="0"/>
						<line number="919" hits="0"/>
						<line number="920" hits="0"/>
						<line number="921" hits="0"/>
						<line number="925" hits="0"/>
						<line number="927" hits="0"/>
						<line number="928" hits="0"/>
						<line number="931" hits="0"/>
						<line number="932" hits="0"/>
						<line number="933" hits="0"/>
						<line number="934" hits="0"/>
						<line number="936" hits="0"/>
						<line number="939" hits="0"/>
						<line number="942" hits="0"/>
						<line number="943" hits="0"/>
						<line number="944" hits="0"/>
						<line number="947" hits="0"/>
						<line number="948" hits="0"/>
						<line number="950" hits="0"/>
						<line number="951" hits="0"/>
						<line number="954" hits="1"/>
						<line number="955" hits="1"/>
						<line number="958" hits="2"/>
						<line number="959" hits="1"/>
						<line number="960" hits="1"/>
						<line number="963" hits="1"/>
						<line number="964" hits="1"/>
						<line number="968" hits="1"/>
						<line number="971" hits="1"/>
						<line number="974" hits="2"/>
						<line number="975" hits="1"/>
						<line number="978" hits="1"/>
						<line number="981" hits="1"/>
						<line number="982" hits="1"/>
						<line number="985" hits="1"/>
						<line number="989" hits="1"/>
						<line number="1020" hits="1"/>
						<line number="1023" hits="2"/>
						<line number="1024" hits="1"/>
						<line number="1026" hits="1"/>
						<line number="1027" hits="1"/>
						<line number="1028" hits="1"/>
						<line number="1029" hits="1"/>
						<line number="1031" hits="2"/>
						<line number="1032" hits="1"/>
						<line number="1033" hits="1"/>
						<line number="1034" hits="1"/>
						<line number="1035" hits="1"/>
						<line number="1037" hits="1"/>
						<line number="1040" hits="1"/>
						<line number="1041" hits="1"/>
						<line number="1042" hits="1"/>
						<line number="1044" hits="0"/>
						<line number="1045" hits="0"/>
						<line number="1047" hits="1"/>
						<line number="1049" hits="1"/>
						<line number="1050" hits="1"/>
						<line number="1051" hits="0"/>
						<line number="1052" hits="0"/>
						<line number="1056" hits="1"/>
						<line number="1057" hits="0"/>
						<line number="1058" hits="1"/>
						<line number="1059" hits="1"/>
						<line number="1061" hits="1"/>
						<line number="1062" hits="1"/>
						<line number="1063" hits="6"/>
					</lines>
				</class>
				<class name="aligned_buffer_h" filename="usr/include/c++/7/ext/aligned_buffer.h" line-rate="1.000">
					<lines>
						<line number="62" hits="3"/>
						<line number="63" hits="3"/>
						<line number="66" hits="1"/>
						<line number="67" hits="1"/>
						<line number="70" hits="3"/>
						<line number="71" hits="3"/>
						<line number="74" hits="1"/>
						<line number="75" hits="1"/>
					</lines>
				</class>
				<class name="SymbolTableEntry_h" filename="home/drc/Desktop/CS5500/HW3/SymbolTableEntry.h" line-rate="1.000">
					<lines>
						<line number="30" hits="6"/>
						<line number="59" hits="1"/>
						<line number="60" hits="1"/>
						<line number="61" hits="1"/>
						<line number="62" hits="1"/>
						<line number="63" hits="1"/>
						<line number="64" hits="1"/>
						<line number="65" hits="1"/>
						<line number="66" hits="2"/>
						<line number="69" hits="2"/>
						<line number="70" hits="2"/>
					</lines>
				</class>
				<class name="allocator_h" filename="usr/include/c++/7/bits/allocator.h" line-rate="1.000">
					<lines>
						<line number="131" hits="6"/>
						<line number="133" hits="1"/>
						<line number="134" hits="1"/>
						<line number="137" hits="2"/>
						<line number="139" hits="8"/>
					</lines>
				</class>
				<class name="iostream" filename="usr/include/c++/7/iostream" line-rate="1.000">
					<lines>
						<line number="74" hits="1"/>
					</lines>
				</class>
				<class name="alloc_traits_h" filename="usr/include/c++/7/bits/alloc_traits.h" line-rate="1.000">
					<lines>
						<line number="435" hits="4"/>
						<line number="436" hits="4"/>
						<line number="461" hits="4"/>
						<line number="462" hits="4"/>
						<line number="474" hits="5"/>
						<line number="475" hits="5"/>
						<line number="486" hits="3"/>
						<line number="487" hits="3"/>
						<line number="504" hits="1"/>
						<line number="505" hits="1"/>
					</lines>
				</class>
				<class name="stl_map_h" filename="usr/include/c++/7/bits/stl_map.h" line-rate="1.000">
					<lines>
						<line number="177" hits="2"/>
						<line number="199" hits="2"/>
						<line number="207" hits="2"/>
						<line number="294" hits="2"/>
						<line number="366" hits="1"/>
						<line number="367" hits="1"/>
						<line number="809" hits="1"/>
						<line number="810" hits="1"/>
						<line number="1163" hits="1"/>
						<line number="1164" hits="1"/>
					</lines>
				</class>
				<class name="lex_yy_c" filename="home/drc/Desktop/CS5500/HW3/lex.yy.c" line-rate="0.331">
					<lines>
						<line number="802" hits="1"/>
						<line number="807" hits="1"/>
						<line number="809" hits="1"/>
						<line number="815" hits="1"/>
						<line number="816" hits="1"/>
						<line number="818" hits="1"/>
						<line number="819" hits="0"/>
						<line number="821" hits="1"/>
						<line number="822" hits="1"/>
						<line number="824" hits="1"/>
						<line number="825" hits="1"/>
						<line number="826" hits="2"/>
						<line number="827" hits="2"/>
						<line number="830" hits="1"/>
						<line number="841" hits="1"/>
						<line number="844" hits="1"/>
						<line number="849" hits="1"/>
						<line number="851" hits="1"/>
						<line number="853" hits="1"/>
						<line number="855" hits="1"/>
						<line number="856" hits="1"/>
						<line number="858" hits="1"/>
						<line number="859" hits="1"/>
						<line number="861" hits="2"/>
						<line number="863" hits="1"/>
						<line number="864" hits="1"/>
						<line number="865" hits="1"/>
						<line number="867" hits="1"/>
						<line number="868" hits="1"/>
						<line number="870" hits="1"/>
						<line number="872" hits="1"/>
						<line number="873" hits="1"/>
						<line number="874" hits="1"/>
						<line number="876" hits="1"/>
						<line number="877" hits="1"/>
						<line number="878" hits="1"/>
						<line number="881" hits="1"/>
						<line number="885" hits="1"/>
						<line number="889" hits="0"/>
						<line number="890" hits="0"/>
						<line number="891" hits="0"/>
						<line number="892" hits="0"/>
						<line number="1329" hits="0"/>
						<line number="1334" hits="1"/>
						<line number="1337" hits="1"/>
						<line number="1340" hits="1"/>
						<line number="1351" hits="1"/>
						<line number="1352" hits="1"/>
						<line number="1353" hits="1"/>
						<line number="1363" hits="1"/>
						<line number="1367" hits="0"/>
						<line number="1369" hits="0"/>
						<line number="1380" hits="0"/>
						<line number="1382" hits="0"/>
						<line number="1384" hits="0"/>
						<line number="1387" hits="0"/>
						<line number="1388" hits="0"/>
						<line number="1389" hits="0"/>
						<line number="1394" hits="0"/>
						<line number="1395" hits="0"/>
						<line number="1399" hits="1"/>
						<line number="1403" hits="0"/>
						<line number="1405" hits="0"/>
						<line number="1416" hits="0"/>
						<line number="1418" hits="0"/>
						<line number="1419" hits="0"/>
						<line number="1424" hits="0"/>
						<line number="1425" hits="0"/>
						<line number="1427" hits="0"/>
						<line number="1431" hits="1"/>
						<line number="1432" hits="1"/>
						<line number="1434" hits="1"/>
						<line number="1436" hits="1"/>
						<line number="1437" hits="1"/>
						<line number="1438" hits="1"/>
						<line number="1441" hits="0"/>
						<line number="1442" hits="0"/>
						<line number="1444" hits="0"/>
						<line number="1446" hits="0"/>
						<line number="1447" hits="0"/>
						<line number="1448" hits="0"/>
						<line number="1450" hits="0"/>
						<line number="1454" hits="0"/>
						<line number="1457" hits="1"/>
						<line number="1459" hits="1"/>
						<line number="1469" hits="1"/>
						<line number="1470" hits="1"/>
						<line number="1471" hits="1"/>
						<line number="1475" hits="1"/>
						<line number="1476" hits="0"/>
						<line number="1479" hits="1"/>
						<line number="1481" hits="0"/>
						<line number="1486" hits="0"/>
						<line number="1494" hits="0"/>
						<line number="1501" hits="1"/>
						<line number="1503" hits="1"/>
						<line number="1504" hits="0"/>
						<line number="1506" hits="1"/>
						<line number="1510" hits="0"/>
						<line number="1514" hits="1"/>
						<line number="1515" hits="1"/>
						<line number="1517" hits="1"/>
						<line number="1521" hits="0"/>
						<line number="1523" hits="0"/>
						<line number="1524" hits="0"/>
						<line number="1526" hits="0"/>
						<line number="1528" hits="0"/>
						<line number="1530" hits="0"/>
						<line number="1531" hits="0"/>
						<line number="1533" hits="0"/>
						<line number="1535" hits="0"/>
						<line number="1537" hits="0"/>
						<line number="1541" hits="0"/>
						<line number="1543" hits="0"/>
						<line number="1544" hits="0"/>
						<line number="1547" hits="0"/>
						<line number="1549" hits="0"/>
						<line number="1554" hits="1"/>
						<line number="1555" hits="1"/>
						<line number="1558" hits="1"/>
						<line number="1561" hits="1"/>
						<line number="1564" hits="1"/>
						<line number="1566" hits="0"/>
						<line number="1568" hits="0"/>
						<line number="1569" hits="0"/>
						<line number="1574" hits="0"/>
						<line number="1575" hits="0"/>
						<line number="1581" hits="1"/>
						<line number="1583" hits="1"/>
						<line number="1585" hits="0"/>
						<line number="1586" hits="0"/>
						<line number="1587" hits="0"/>
						<line number="1588" hits="0"/>
						<line number="1591" hits="1"/>
						<line number="1592" hits="1"/>
						<line number="1593" hits="1"/>
						<line number="1595" hits="1"/>
						<line number="1597" hits="1"/>
						<line number="1598" hits="1"/>
						<line number="1603" hits="1"/>
						<line number="1607" hits="1"/>
						<line number="1609" hits="1"/>
						<line number="1611" hits="0"/>
						<line number="1612" hits="0"/>
						<line number="1614" hits="0"/>
						<line number="1615" hits="0"/>
						<line number="1617" hits="0"/>
						<line number="1619" hits="0"/>
						<line number="1620" hits="0"/>
						<line number="1621" hits="0"/>
						<line number="1623" hits="0"/>
						<line number="1626" hits="1"/>
						<line number="1627" hits="1"/>
						<line number="1635" hits="0"/>
						<line number="1637" hits="0"/>
						<line number="1639" hits="0"/>
						<line number="1640" hits="0"/>
						<line number="1642" hits="0"/>
						<line number="1643" hits="0"/>
						<line number="1645" hits="0"/>
						<line number="1647" hits="0"/>
						<line number="1648" hits="0"/>
						<line number="1649" hits="0"/>
						<line number="1651" hits="0"/>
						<line number="1652" hits="0"/>
						<line number="1654" hits="0"/>
						<line number="1655" hits="0"/>
						<line number="1660" hits="0"/>
						<line number="1663" hits="0"/>
						<line number="1666" hits="0"/>
						<line number="1668" hits="0"/>
						<line number="1671" hits="0"/>
						<line number="1672" hits="0"/>
						<line number="1673" hits="0"/>
						<line number="1674" hits="0"/>
						<line number="1675" hits="0"/>
						<line number="1677" hits="0"/>
						<line number="1678" hits="0"/>
						<line number="1680" hits="0"/>
						<line number="1681" hits="0"/>
						<line number="1682" hits="0"/>
						<line number="1683" hits="0"/>
						<line number="1685" hits="0"/>
						<line number="1686" hits="0"/>
						<line number="1689" hits="0"/>
						<line number="1691" hits="0"/>
						<line number="1692" hits="0"/>
						<line number="1693" hits="0"/>
						<line number="1694" hits="0"/>
						<line number="1705" hits="1"/>
						<line number="1708" hits="1"/>
						<line number="1710" hits="1"/>
						<line number="1716" hits="0"/>
						<line number="1718" hits="0"/>
						<line number="1722" hits="0"/>
						<line number="1723" hits="0"/>
						<line number="1725" hits="0"/>
						<line number="1739" hits="0"/>
						<line number="1745" hits="0"/>
						<line number="1746" hits="0"/>
						<line number="1748" hits="0"/>
						<line number="1749" hits="0"/>
						<line number="1751" hits="0"/>
						<line number="1758" hits="0"/>
						<line number="1759" hits="0"/>
						<line number="1764" hits="1"/>
						<line number="1765" hits="1"/>
						<line number="1766" hits="1"/>
						<line number="1768" hits="1"/>
						<line number="1769" hits="1"/>
						<line number="1778" hits="0"/>
						<line number="1780" hits="0"/>
						<line number="1781" hits="0"/>
						<line number="1782" hits="0"/>
						<line number="1783" hits="0"/>
						<line number="1786" hits="0"/>
						<line number="1787" hits="0"/>
						<line number="1788" hits="0"/>
						<line number="1795" hits="0"/>
						<line number="1802" hits="0"/>
						<line number="1803" hits="0"/>
						<line number="1804" hits="0"/>
						<line number="1806" hits="0"/>
						<line number="1809" hits="0"/>
						<line number="1810" hits="0"/>
						<line number="1811" hits="0"/>
						<line number="1814" hits="0"/>
						<line number="1815" hits="0"/>
						<line number="1822" hits="0"/>
						<line number="1823" hits="0"/>
						<line number="1826" hits="1"/>
						<line number="1827" hits="1"/>
						<line number="1828" hits="1"/>
						<line number="1829" hits="1"/>
						<line number="1830" hits="1"/>
						<line number="1831" hits="1"/>
						<line number="1840" hits="1"/>
						<line number="1843" hits="1"/>
						<line number="1844" hits="1"/>
						<line number="1845" hits="0"/>
						<line number="1847" hits="1"/>
						<line number="1852" hits="1"/>
						<line number="1853" hits="1"/>
						<line number="1854" hits="0"/>
						<line number="1856" hits="1"/>
						<line number="1858" hits="1"/>
						<line number="1860" hits="1"/>
						<line number="1861" hits="1"/>
						<line number="1868" hits="0"/>
						<line number="1870" hits="0"/>
						<line number="1871" hits="0"/>
						<line number="1873" hits="0"/>
						<line number="1874" hits="0"/>
						<line number="1876" hits="0"/>
						<line number="1877" hits="0"/>
						<line number="1879" hits="0"/>
						<line number="1880" hits="0"/>
						<line number="1888" hits="1"/>
						<line number="1889" hits="1"/>
						<line number="1891" hits="1"/>
						<line number="1893" hits="1"/>
						<line number="1894" hits="1"/>
						<line number="1900" hits="1"/>
						<line number="1901" hits="1"/>
						<line number="1902" hits="1"/>
						<line number="1905" hits="1"/>
						<line number="1907" hits="1"/>
						<line number="1908" hits="1"/>
						<line number="1915" hits="1"/>
						<line number="1916" hits="1"/>
						<line number="1917" hits="0"/>
						<line number="1919" hits="1"/>
						<line number="1925" hits="1"/>
						<line number="1926" hits="1"/>
						<line number="1928" hits="1"/>
						<line number="1930" hits="1"/>
						<line number="1931" hits="1"/>
						<line number="1933" hits="1"/>
						<line number="1934" hits="0"/>
						<line number="1935" hits="1"/>
						<line number="1944" hits="0"/>
						<line number="1945" hits="0"/>
						<line number="1946" hits="0"/>
						<line number="1948" hits="0"/>
						<line number="1951" hits="0"/>
						<line number="1954" hits="0"/>
						<line number="1955" hits="0"/>
						<line number="1956" hits="0"/>
						<line number="1960" hits="0"/>
						<line number="1961" hits="0"/>
						<line number="1962" hits="0"/>
						<line number="1965" hits="0"/>
						<line number="1966" hits="0"/>
						<line number="1967" hits="0"/>
						<line number="1974" hits="0"/>
						<line number="1975" hits="0"/>
						<line number="1976" hits="0"/>
						<line number="1978" hits="0"/>
						<line number="1979" hits="0"/>
						<line number="1980" hits="0"/>
						<line number="1981" hits="0"/>
						<line number="1983" hits="0"/>
						<line number="1984" hits="0"/>
						<line number="1985" hits="0"/>
						<line number="1987" hits="0"/>
						<line number="1993" hits="1"/>
						<line number="1996" hits="1"/>
						<line number="2002" hits="1"/>
						<line number="2003" hits="1"/>
						<line number="2004" hits="1"/>
						<line number="2006" hits="1"/>
						<line number="2007" hits="0"/>
						<line number="2009" hits="1"/>
						<line number="2011" hits="1"/>
						<line number="2012" hits="1"/>
						<line number="2013" hits="1"/>
						<line number="2016" hits="0"/>
						<line number="2019" hits="0"/>
						<line number="2021" hits="0"/>
						<line number="2022" hits="0"/>
						<line number="2023" hits="0"/>
						<line number="2026" hits="0"/>
						<line number="2027" hits="0"/>
						<line number="2030" hits="0"/>
						<line number="2031" hits="0"/>
						<line number="2033" hits="1"/>
						<line number="2042" hits="0"/>
						<line number="2045" hits="0"/>
						<line number="2046" hits="0"/>
						<line number="2047" hits="0"/>
						<line number="2049" hits="0"/>
						<line number="2051" hits="0"/>
						<line number="2052" hits="0"/>
						<line number="2053" hits="0"/>
						<line number="2055" hits="0"/>
						<line number="2056" hits="0"/>
						<line number="2057" hits="0"/>
						<line number="2058" hits="0"/>
						<line number="2059" hits="0"/>
						<line number="2060" hits="0"/>
						<line number="2061" hits="0"/>
						<line number="2062" hits="0"/>
						<line number="2063" hits="0"/>
						<line number="2065" hits="0"/>
						<line number="2067" hits="0"/>
						<line number="2068" hits="0"/>
						<line number="2079" hits="0"/>
						<line number="2081" hits="0"/>
						<line number="2082" hits="0"/>
						<line number="2092" hits="0"/>
						<line number="2099" hits="0"/>
						<line number="2100" hits="0"/>
						<line number="2101" hits="0"/>
						<line number="2102" hits="0"/>
						<line number="2104" hits="0"/>
						<line number="2105" hits="0"/>
						<line number="2107" hits="0"/>
						<line number="2109" hits="0"/>
						<line number="2110" hits="0"/>
						<line number="2111" hits="0"/>
						<line number="2116" hits="0"/>
						<line number="2118" hits="0"/>
						<line number="2119" hits="0"/>
						<line number="2126" hits="0"/>
						<line number="2127" hits="0"/>
						<line number="2128" hits="0"/>
						<line number="2154" hits="0"/>
						<line number="2156" hits="0"/>
						<line number="2157" hits="0"/>
						<line number="2163" hits="0"/>
						<line number="2164" hits="0"/>
						<line number="2165" hits="0"/>
						<line number="2171" hits="0"/>
						<line number="2172" hits="0"/>
						<line number="2173" hits="0"/>
						<line number="2179" hits="0"/>
						<line number="2180" hits="0"/>
						<line number="2181" hits="0"/>
						<line number="2188" hits="0"/>
						<line number="2189" hits="0"/>
						<line number="2190" hits="0"/>
						<line number="2197" hits="0"/>
						<line number="2199" hits="0"/>
						<line number="2200" hits="0"/>
						<line number="2209" hits="0"/>
						<line number="2210" hits="0"/>
						<line number="2211" hits="0"/>
						<line number="2214" hits="0"/>
						<line number="2215" hits="0"/>
						<line number="2216" hits="0"/>
						<line number="2219" hits="0"/>
						<line number="2220" hits="0"/>
						<line number="2221" hits="0"/>
						<line number="2224" hits="0"/>
						<line number="2225" hits="0"/>
						<line number="2226" hits="0"/>
						<line number="2229" hits="0"/>
						<line number="2234" hits="0"/>
						<line number="2235" hits="0"/>
						<line number="2236" hits="0"/>
						<line number="2237" hits="0"/>
						<line number="2238" hits="0"/>
						<line number="2239" hits="0"/>
						<line number="2246" hits="0"/>
						<line number="2247" hits="0"/>
						<line number="2253" hits="0"/>
						<line number="2254" hits="0"/>
						<line number="2258" hits="0"/>
						<line number="2261" hits="0"/>
						<line number="2262" hits="0"/>
						<line number="2263" hits="0"/>
						<line number="2264" hits="0"/>
						<line number="2268" hits="0"/>
						<line number="2269" hits="0"/>
						<line number="2273" hits="0"/>
						<line number="2275" hits="0"/>
						<line number="2276" hits="0"/>
						<line number="2304" hits="1"/>
						<line number="2305" hits="1"/>
						<line number="2306" hits="1"/>
						<line number="2309" hits="0"/>
						<line number="2318" hits="0"/>
						<line number="2319" hits="0"/>
						<line number="2322" hits="0"/>
						<line number="2323" hits="0"/>
						<line number="2324" hits="0"/>
					</lines>
				</class>
				<class name="mipl_l" filename="home/drc/Desktop/CS5500/HW3/mipl.l" line-rate="0.804">
					<lines>
						<line number="49" hits="1"/>
						<line number="51" hits="1"/>
						<line number="52" hits="1"/>
						<line number="53" hits="1"/>
						<line number="56" hits="1"/>
						<line number="57" hits="1"/>
						<line number="60" hits="0"/>
						<line number="61" hits="0"/>
						<line number="64" hits="1"/>
						<line number="65" hits="1"/>
						<line number="68" hits="1"/>
						<line number="69" hits="1"/>
						<line number="72" hits="1"/>
						<line number="73" hits="1"/>
						<line number="76" hits="1"/>
						<line number="77" hits="1"/>
						<line number="80" hits="1"/>
						<line number="81" hits="1"/>
						<line number="84" hits="1"/>
						<line number="85" hits="1"/>
						<line number="88" hits="1"/>
						<line number="89" hits="1"/>
						<line number="92" hits="1"/>
						<line number="93" hits="1"/>
						<line number="96" hits="1"/>
						<line number="97" hits="1"/>
						<line number="100" hits="1"/>
						<line number="101" hits="1"/>
						<line number="104" hits="0"/>
						<line number="105" hits="0"/>
						<line number="108" hits="1"/>
						<line number="109" hits="1"/>
						<line number="112" hits="1"/>
						<line number="113" hits="1"/>
						<line number="116" hits="1"/>
						<line number="117" hits="1"/>
						<line number="120" hits="1"/>
						<line number="121" hits="1"/>
						<line number="124" hits="1"/>
						<line number="125" hits="1"/>
						<line number="128" hits="1"/>
						<line number="129" hits="1"/>
						<line number="132" hits="1"/>
						<line number="133" hits="1"/>
						<line number="136" hits="1"/>
						<line number="137" hits="1"/>
						<line number="140" hits="1"/>
						<line number="141" hits="1"/>
						<line number="144" hits="0"/>
						<line number="145" hits="0"/>
						<line number="148" hits="1"/>
						<line number="149" hits="1"/>
						<line number="152" hits="1"/>
						<line number="153" hits="1"/>
						<line number="156" hits="1"/>
						<line number="157" hits="1"/>
						<line number="160" hits="1"/>
						<line number="161" hits="1"/>
						<line number="164" hits="1"/>
						<line number="165" hits="1"/>
						<line number="168" hits="1"/>
						<line number="169" hits="1"/>
						<line number="172" hits="1"/>
						<line number="173" hits="1"/>
						<line number="176" hits="1"/>
						<line number="177" hits="1"/>
						<line number="180" hits="1"/>
						<line number="181" hits="1"/>
						<line number="184" hits="0"/>
						<line number="185" hits="0"/>
						<line number="188" hits="1"/>
						<line number="189" hits="1"/>
						<line number="192" hits="1"/>
						<line number="193" hits="1"/>
						<line number="196" hits="1"/>
						<line number="197" hits="1"/>
						<line number="200" hits="1"/>
						<line number="201" hits="1"/>
						<line number="204" hits="1"/>
						<line number="205" hits="1"/>
						<line number="208" hits="1"/>
						<line number="209" hits="1"/>
						<line number="212" hits="1"/>
						<line number="213" hits="1"/>
						<line number="216" hits="1"/>
						<line number="217" hits="1"/>
						<line number="220" hits="1"/>
						<line number="221" hits="1"/>
						<line number="222" hits="1"/>
						<line number="225" hits="0"/>
						<line number="227" hits="0"/>
						<line number="229" hits="0"/>
						<line number="233" hits="0"/>
						<line number="234" hits="0"/>
						<line number="235" hits="0"/>
						<line number="239" hits="0"/>
						<line number="241" hits="0"/>
						<line number="244" hits="1"/>
						<line number="245" hits="1"/>
						<line number="246" hits="1"/>
						<line number="249" hits="0"/>
						<line number="251" hits="0"/>
						<line number="254" hits="1"/>
						<line number="255" hits="1"/>
						<line number="256" hits="1"/>
						<line number="259" hits="1"/>
						<line number="261" hits="1"/>
						<line number="262" hits="1"/>
						<line number="263" hits="0"/>
						<line number="264" hits="0"/>
						<line number="267" hits="0"/>
						<line number="268" hits="0"/>
					</lines>
				</class>
				<class name="mipl_tab_c" filename="home/drc/Desktop/CS5500/HW3/mipl.tab.c" line-rate="0.628">
					<lines>
						<line number="1159" hits="0"/>
						<line number="1161" hits="0"/>
						<line number="1162" hits="0"/>
						<line number="1168" hits="0"/>
						<line number="1188" hits="2"/>
						<line number="1215" hits="1"/>
						<line number="1231" hits="1"/>
						<line number="1233" hits="1"/>
						<line number="1234" hits="1"/>
						<line number="1235" hits="1"/>
						<line number="1239" hits="1"/>
						<line number="1240" hits="1"/>
						<line number="1241" hits="1"/>
						<line number="1242" hits="1"/>
						<line number="1243" hits="1"/>
						<line number="1251" hits="1"/>
						<line number="1254" hits="1"/>
						<line number="1256" hits="1"/>
						<line number="1259" hits="0"/>
						<line number="1286" hits="0"/>
						<line number="1287" hits="0"/>
						<line number="1288" hits="0"/>
						<line number="1289" hits="0"/>
						<line number="1290" hits="0"/>
						<line number="1293" hits="0"/>
						<line number="1295" hits="0"/>
						<line number="1296" hits="0"/>
						<line number="1297" hits="0"/>
						<line number="1298" hits="0"/>
						<line number="1299" hits="0"/>
						<line number="1301" hits="0"/>
						<line number="1302" hits="0"/>
						<line number="1307" hits="0"/>
						<line number="1308" hits="0"/>
						<line number="1313" hits="0"/>
						<line number="1314" hits="0"/>
						<line number="1319" hits="1"/>
						<line number="1320" hits="0"/>
						<line number="1322" hits="1"/>
						<line number="1333" hits="1"/>
						<line number="1334" hits="1"/>
						<line number="1335" hits="1"/>
						<line number="1340" hits="1"/>
						<line number="1343" hits="1"/>
						<line number="1346" hits="1"/>
						<line number="1348" hits="0"/>
						<line number="1353" hits="1"/>
						<line number="1359" hits="1"/>
						<line number="1360" hits="1"/>
						<line number="1362" hits="1"/>
						<line number="1363" hits="1"/>
						<line number="1367" hits="1"/>
						<line number="1368" hits="1"/>
						<line number="1373" hits="1"/>
						<line number="1374" hits="0"/>
						<line number="1380" hits="1"/>
						<line number="1382" hits="1"/>
						<line number="1384" hits="1"/>
						<line number="1387" hits="1"/>
						<line number="1393" hits="1"/>
						<line number="1394" hits="1"/>
						<line number="1395" hits="1"/>
						<line number="1396" hits="0"/>
						<line number="1397" hits="1"/>
						<line number="1405" hits="1"/>
						<line number="1415" hits="1"/>
						<line number="1419" hits="1"/>
						<line number="1437" hits="1"/>
						<line number="1446" hits="1"/>
						<line number="1459" hits="1"/>
						<line number="1471" hits="1"/>
						<line number="1513" hits="1"/>
						<line number="1523" hits="1"/>
						<line number="1535" hits="1"/>
						<line number="1547" hits="1"/>
						<line number="1556" hits="1"/>
						<line number="1569" hits="1"/>
						<line number="1582" hits="1"/>
						<line number="1594" hits="1"/>
						<line number="1606" hits="1"/>
						<line number="1618" hits="1"/>
						<line number="1630" hits="1"/>
						<line number="1642" hits="1"/>
						<line number="1679" hits="1"/>
						<line number="1695" hits="1"/>
						<line number="1707" hits="1"/>
						<line number="1720" hits="1"/>
						<line number="1737" hits="1"/>
						<line number="1746" hits="1"/>
						<line number="1754" hits="1"/>
						<line number="1765" hits="1"/>
						<line number="1774" hits="1"/>
						<line number="1790" hits="1"/>
						<line number="1815" hits="1"/>
						<line number="1823" hits="1"/>
						<line number="1832" hits="0"/>
						<line number="1855" hits="1"/>
						<line number="1864" hits="1"/>
						<line number="1872" hits="1"/>
						<line number="1886" hits="1"/>
						<line number="1910" hits="1"/>
						<line number="1918" hits="1"/>
						<line number="1926" hits="1"/>
						<line number="1934" hits="1"/>
						<line number="1955" hits="1"/>
						<line number="1963" hits="1"/>
						<line number="1972" hits="1"/>
						<line number="1991" hits="1"/>
						<line number="2003" hits="1"/>
						<line number="2018" hits="1"/>
						<line number="2033" hits="1"/>
						<line number="2042" hits="1"/>
						<line number="2050" hits="1"/>
						<line number="2058" hits="1"/>
						<line number="2066" hits="1"/>
						<line number="2074" hits="1"/>
						<line number="2082" hits="1"/>
						<line number="2090" hits="0"/>
						<line number="2099" hits="1"/>
						<line number="2108" hits="0"/>
						<line number="2117" hits="0"/>
						<line number="2129" hits="1"/>
						<line number="2141" hits="0"/>
						<line number="2153" hits="1"/>
						<line number="2166" hits="1"/>
						<line number="2174" hits="1"/>
						<line number="2182" hits="1"/>
						<line number="2190" hits="1"/>
						<line number="2198" hits="1"/>
						<line number="2206" hits="1"/>
						<line number="2214" hits="1"/>
						<line number="2222" hits="1"/>
						<line number="2230" hits="1"/>
						<line number="2239" hits="1"/>
						<line number="2247" hits="1"/>
						<line number="2259" hits="1"/>
						<line number="2271" hits="1"/>
						<line number="2283" hits="1"/>
						<line number="2308" hits="1"/>
						<line number="2316" hits="1"/>
						<line number="2325" hits="1"/>
						<line number="2333" hits="0"/>
						<line number="2342" hits="1"/>
						<line number="2355" hits="1"/>
						<line number="2368" hits="1"/>
						<line number="2387" hits="1"/>
						<line number="2397" hits="1"/>
						<line number="2406" hits="1"/>
						<line number="2416" hits="1"/>
						<line number="2425" hits="0"/>
						<line number="2434" hits="1"/>
						<line number="2442" hits="0"/>
						<line number="2450" hits="1"/>
						<line number="2458" hits="1"/>
						<line number="2467" hits="1"/>
						<line number="2476" hits="1"/>
						<line number="2484" hits="1"/>
						<line number="2492" hits="0"/>
						<line number="2500" hits="1"/>
						<line number="2504" hits="1"/>
						<line number="2519" hits="1"/>
						<line number="2520" hits="1"/>
						<line number="2523" hits="1"/>
						<line number="2529" hits="1"/>
						<line number="2531" hits="1"/>
						<line number="2532" hits="1"/>
						<line number="2533" hits="1"/>
						<line number="2535" hits="1"/>
						<line number="2537" hits="2"/>
						<line number="2546" hits="0"/>
						<line number="2549" hits="0"/>
						<line number="2551" hits="0"/>
						<line number="2553" hits="0"/>
						<line number="2590" hits="0"/>
						<line number="2595" hits="0"/>
						<line number="2598" hits="0"/>
						<line number="2599" hits="0"/>
						<line number="2603" hits="0"/>
						<line number="2605" hits="0"/>
						<line number="2611" hits="0"/>
						<line number="2638" hits="0"/>
						<line number="2642" hits="0"/>
						<line number="2643" hits="0"/>
						<line number="2645" hits="0"/>
						<line number="2646" hits="0"/>
						<line number="2648" hits="0"/>
						<line number="2649" hits="0"/>
						<line number="2650" hits="0"/>
						<line number="2655" hits="0"/>
						<line number="2656" hits="0"/>
						<line number="2659" hits="0"/>
						<line number="2660" hits="0"/>
						<line number="2661" hits="0"/>
						<line number="2662" hits="0"/>
						<line number="2667" hits="0"/>
						<line number="2674" hits="0"/>
						<line number="2675" hits="0"/>
						<line number="2682" hits="0"/>
						<line number="2683" hits="0"/>
						<line number="2689" hits="0"/>
						<line number="2690" hits="0"/>
						<line number="2697" hits="0"/>
						<line number="2698" hits="0"/>
						<line number="2703" hits="0"/>
						<line number="2707" hits="0"/>
						<line number="2708" hits="0"/>
						<line number="2713" hits="0"/>
						<line number="2715" hits="0"/>
						<line number="2717" hits="0"/>
						<line number="2718" hits="0"/>
						<line number="2719" hits="0"/>
						<line number="2722" hits="0"/>
						<line number="2723" hits="0"/>
						<line number="2729" hits="0"/>
						<line number="2730" hits="1"/>
					</lines>
				</class>
				<class name="move_h" filename="usr/include/c++/7/bits/move.h" line-rate="1.000">
					<lines>
						<line number="47" hits="1"/>
						<line number="48" hits="1"/>
						<line number="73" hits="12"/>
						<line number="74" hits="12"/>
						<line number="98" hits="1"/>
						<line number="99" hits="1"/>
					</lines>
				</class>
				<class name="stl_deque_h" filename="usr/include/c++/7/bits/stl_deque.h" line-rate="0.854">
					<lines>
						<line number="92" hits="1"/>
						<line number="93" hits="1"/>
						<line number="128" hits="1"/>
						<line number="129" hits="1"/>
						<line number="148" hits="1"/>
						<line number="149" hits="1"/>
						<line number="151" hits="1"/>
						<line number="152" hits="2"/>
						<line number="153" hits="2"/>
						<line number="160" hits="1"/>
						<line number="161" hits="1"/>
						<line number="188" hits="1"/>
						<line number="190" hits="1"/>
						<line number="192" hits="0"/>
						<line number="193" hits="0"/>
						<line number="195" hits="1"/>
						<line number="196" hits="1"/>
						<line number="197" hits="1"/>
						<line number="254" hits="1"/>
						<line number="256" hits="1"/>
						<line number="257" hits="1"/>
						<line number="258" hits="1"/>
						<line number="259" hits="1"/>
						<line number="267" hits="1"/>
						<line number="269" hits="1"/>
						<line number="490" hits="1"/>
						<line number="491" hits="1"/>
						<line number="492" hits="2"/>
						<line number="549" hits="2"/>
						<line number="557" hits="1"/>
						<line number="559" hits="1"/>
						<line number="560" hits="1"/>
						<line number="587" hits="1"/>
						<line number="588" hits="1"/>
						<line number="591" hits="1"/>
						<line number="592" hits="1"/>
						<line number="595" hits="1"/>
						<line number="596" hits="1"/>
						<line number="599" hits="1"/>
						<line number="602" hits="1"/>
						<line number="603" hits="1"/>
						<line number="606" hits="1"/>
						<line number="609" hits="1"/>
						<line number="610" hits="1"/>
						<line number="613" hits="2"/>
						<line number="615" hits="2"/>
						<line number="616" hits="2"/>
						<line number="617" hits="1"/>
						<line number="620" hits="2"/>
						<line number="622" hits="2"/>
						<line number="623" hits="1"/>
						<line number="624" hits="1"/>
						<line number="660" hits="1"/>
						<line number="663" hits="1"/>
						<line number="665" hits="1"/>
						<line number="666" hits="1"/>
						<line number="667" hits="1"/>
						<line number="669" hits="1"/>
						<line number="681" hits="2"/>
						<line number="684" hits="1"/>
						<line number="687" hits="1"/>
						<line number="688" hits="1"/>
						<line number="689" hits="1"/>
						<line number="696" hits="2"/>
						<line number="697" hits="1"/>
						<line number="698" hits="1"/>
						<line number="701" hits="1"/>
						<line number="702" hits="0"/>
						<line number="704" hits="0"/>
						<line number="705" hits="0"/>
						<line number="706" hits="0"/>
						<line number="707" hits="0"/>
						<line number="710" hits="1"/>
						<line number="711" hits="1"/>
						<line number="712" hits="1"/>
						<line number="713" hits="2"/>
						<line number="714" hits="1"/>
						<line number="715" hits="1"/>
						<line number="716" hits="1"/>
						<line number="720" hits="1"/>
						<line number="726" hits="2"/>
						<line number="727" hits="1"/>
						<line number="729" hits="0"/>
						<line number="731" hits="0"/>
						<line number="732" hits="0"/>
						<line number="734" hits="1"/>
						<line number="738" hits="1"/>
						<line number="742" hits="2"/>
						<line number="743" hits="1"/>
						<line number="744" hits="1"/>
						<line number="862" hits="0"/>
						<line number="863" hits="0"/>
						<line number="888" hits="2"/>
						<line number="1044" hits="2"/>
						<line number="1045" hits="1"/>
						<line number="1166" hits="1"/>
						<line number="1167" hits="1"/>
						<line number="1183" hits="1"/>
						<line number="1184" hits="1"/>
						<line number="1357" hits="1"/>
						<line number="1358" hits="1"/>
						<line number="1473" hits="2"/>
						<line number="1476" hits="1"/>
						<line number="1477" hits="1"/>
						<line number="1478" hits="1"/>
						<line number="1479" hits="1"/>
						<line number="1542" hits="1"/>
						<line number="1544" hits="2"/>
						<line number="1545" hits="1"/>
						<line number="1547" hits="1"/>
						<line number="1549" hits="1"/>
						<line number="1552" hits="0"/>
						<line number="1553" hits="2"/>
						<line number="1557" hits="1"/>
						<line number="1558" hits="1"/>
						<line number="1601" hits="1"/>
						<line number="1604" hits="2"/>
						<line number="1605" hits="1"/>
						<line number="1607" hits="1"/>
						<line number="1608" hits="1"/>
						<line number="1612" hits="0"/>
						<line number="1613" hits="2"/>
						<line number="2068" hits="2"/>
						<line number="2072" hits="1"/>
						<line number="2073" hits="1"/>
						<line number="2149" hits="0"/>
						<line number="2151" hits="0"/>
						<line number="2152" hits="0"/>
						<line number="2153" hits="0"/>
						<line number="2154" hits="0"/>
					</lines>
				</class>
				<class name="stl_tree_h" filename="usr/include/c++/7/bits/stl_tree.h" line-rate="0.917">
					<lines>
						<line number="112" hits="1"/>
						<line number="114" hits="1"/>
						<line number="115" hits="1"/>
						<line number="116" hits="1"/>
						<line number="126" hits="1"/>
						<line number="128" hits="1"/>
						<line number="129" hits="1"/>
						<line number="130" hits="1"/>
						<line number="146" hits="1"/>
						<line number="150" hits="1"/>
						<line number="152" hits="1"/>
						<line number="154" hits="1"/>
						<line number="160" hits="1"/>
						<line number="163" hits="1"/>
						<line number="173" hits="1"/>
						<line number="175" hits="1"/>
						<line number="176" hits="1"/>
						<line number="177" hits="1"/>
						<line number="180" hits="1"/>
						<line number="182" hits="1"/>
						<line number="183" hits="0"/>
						<line number="186" hits="1"/>
						<line number="187" hits="1"/>
						<line number="189" hits="1"/>
						<line number="193" hits="0"/>
						<line number="195" hits="0"/>
						<line number="196" hits="0"/>
						<line number="197" hits="0"/>
						<line number="198" hits="0"/>
						<line number="199" hits="0"/>
						<line number="200" hits="0"/>
						<line number="202" hits="0"/>
						<line number="203" hits="0"/>
						<line number="206" hits="1"/>
						<line number="208" hits="1"/>
						<line number="209" hits="1"/>
						<line number="210" hits="1"/>
						<line number="211" hits="1"/>
						<line number="212" hits="1"/>
						<line number="234" hits="1"/>
						<line number="235" hits="1"/>
						<line number="238" hits="1"/>
						<line number="239" hits="1"/>
						<line number="269" hits="1"/>
						<line number="270" hits="1"/>
						<line number="273" hits="1"/>
						<line number="274" hits="1"/>
						<line number="281" hits="1"/>
						<line number="282" hits="1"/>
						<line number="300" hits="1"/>
						<line number="302" hits="1"/>
						<line number="303" hits="1"/>
						<line number="304" hits="1"/>
						<line number="315" hits="1"/>
						<line number="316" hits="1"/>
						<line number="546" hits="1"/>
						<line number="547" hits="1"/>
						<line number="554" hits="2"/>
						<line number="556" hits="2"/>
						<line number="574" hits="1"/>
						<line number="575" hits="1"/>
						<line number="587" hits="1"/>
						<line number="588" hits="1"/>
						<line number="591" hits="1"/>
						<line number="592" hits="1"/>
						<line number="621" hits="2"/>
						<line number="625" hits="2"/>
						<line number="626" hits="2"/>
						<line number="630" hits="0"/>
						<line number="633" hits="0"/>
						<line number="634" hits="0"/>
						<line number="636" hits="4"/>
						<line number="640" hits="2"/>
						<line number="642" hits="2"/>
						<line number="643" hits="2"/>
						<line number="644" hits="2"/>
						<line number="645" hits="2"/>
						<line number="648" hits="1"/>
						<line number="650" hits="1"/>
						<line number="652" hits="1"/>
						<line number="656" hits="1"/>
						<line number="658" hits="1"/>
						<line number="659" hits="1"/>
						<line number="660" hits="1"/>
						<line number="664" hits="1"/>
						<line number="666" hits="1"/>
						<line number="667" hits="1"/>
						<line number="668" hits="1"/>
						<line number="669" hits="1"/>
						<line number="670" hits="1"/>
						<line number="671" hits="1"/>
						<line number="677" hits="2"/>
						<line number="688" hits="2"/>
						<line number="689" hits="2"/>
						<line number="692" hits="2"/>
						<line number="694" hits="1"/>
						<line number="695" hits="1"/>
						<line number="712" hits="1"/>
						<line number="713" hits="1"/>
						<line number="716" hits="1"/>
						<line number="717" hits="1"/>
						<line number="720" hits="1"/>
						<line number="721" hits="1"/>
						<line number="728" hits="1"/>
						<line number="729" hits="1"/>
						<line number="736" hits="1"/>
						<line number="737" hits="1"/>
						<line number="740" hits="1"/>
						<line number="743" hits="1"/>
						<line number="744" hits="1"/>
						<line number="747" hits="1"/>
						<line number="748" hits="1"/>
						<line number="755" hits="1"/>
						<line number="756" hits="1"/>
						<line number="759" hits="2"/>
						<line number="760" hits="1"/>
						<line number="763" hits="1"/>
						<line number="764" hits="1"/>
						<line number="767" hits="1"/>
						<line number="768" hits="1"/>
						<line number="771" hits="1"/>
						<line number="772" hits="1"/>
						<line number="775" hits="1"/>
						<line number="776" hits="1"/>
						<line number="779" hits="1"/>
						<line number="780" hits="1"/>
						<line number="783" hits="2"/>
						<line number="784" hits="1"/>
						<line number="787" hits="1"/>
						<line number="788" hits="1"/>
						<line number="795" hits="1"/>
						<line number="796" hits="1"/>
						<line number="873" hits="1"/>
						<line number="875" hits="1"/>
						<line number="876" hits="1"/>
						<line number="877" hits="1"/>
						<line number="878" hits="1"/>
						<line number="879" hits="1"/>
						<line number="880" hits="1"/>
						<line number="883" hits="2"/>
						<line number="885" hits="1"/>
						<line number="886" hits="1"/>
						<line number="887" hits="1"/>
						<line number="913" hits="2"/>
						<line number="920" hits="1"/>
						<line number="921" hits="1"/>
						<line number="923" hits="1"/>
						<line number="924" hits="1"/>
						<line number="925" hits="2"/>
						<line number="939" hits="2"/>
						<line number="948" hits="1"/>
						<line number="949" hits="1"/>
						<line number="960" hits="2"/>
						<line number="961" hits="1"/>
						<line number="968" hits="2"/>
						<line number="969" hits="1"/>
						<line number="1740" hits="2"/>
						<line number="1749" hits="2"/>
						<line number="1750" hits="2"/>
						<line number="1753" hits="1"/>
						<line number="1755" hits="1"/>
						<line number="1757" hits="1"/>
						<line number="1758" hits="1"/>
						<line number="1759" hits="1"/>
						<line number="1814" hits="1"/>
						<line number="1818" hits="1"/>
						<line number="1819" hits="1"/>
						<line number="1823" hits="1"/>
						<line number="1824" hits="1"/>
						<line number="1825" hits="1"/>
						<line number="1826" hits="1"/>
						<line number="1828" hits="2"/>
						<line number="1830" hits="1"/>
						<line number="1831" hits="1"/>
						<line number="1832" hits="1"/>
						<line number="1833" hits="1"/>
						<line number="1834" hits="0"/>
						<line number="1835" hits="1"/>
						<line number="1836" hits="1"/>
						<line number="1839" hits="0"/>
						<line number="1841" hits="0"/>
						<line number="1842" hits="0"/>
						<line number="1844" hits="1"/>
						<line number="1845" hits="1"/>
						<line number="1850" hits="1"/>
						<line number="1854" hits="2"/>
						<line number="1856" hits="1"/>
						<line number="1857" hits="1"/>
						<line number="1858" hits="1"/>
						<line number="1859" hits="1"/>
						<line number="1861" hits="1"/>
						<line number="1867" hits="2"/>
						<line number="1871" hits="2"/>
						<line number="1872" hits="1"/>
						<line number="1873" hits="1"/>
						<line number="1875" hits="1"/>
						<line number="1876" hits="1"/>
						<line number="1877" hits="1"/>
						<line number="2028" hits="2"/>
						<line number="2032" hits="1"/>
						<line number="2033" hits="1"/>
						<line number="2034" hits="1"/>
						<line number="2035" hits="2"/>
						<line number="2037" hits="1"/>
						<line number="2038" hits="1"/>
						<line number="2039" hits="1"/>
						<line number="2041" hits="1"/>
						<line number="2042" hits="1"/>
						<line number="2044" hits="1"/>
						<line number="2045" hits="1"/>
						<line number="2047" hits="1"/>
						<line number="2049" hits="1"/>
						<line number="2050" hits="1"/>
						<line number="2051" hits="0"/>
						<line number="2052" hits="1"/>
						<line number="2082" hits="2"/>
						<line number="2090" hits="1"/>
						<line number="2091" hits="1"/>
						<line number="2093" hits="1"/>
						<line number="2095" hits="1"/>
						<line number="2096" hits="1"/>
						<line number="2098" hits="2"/>
						<line number="2101" hits="0"/>
						<line number="2102" hits="1"/>
						<line number="2520" hits="2"/>
						<line number="2523" hits="1"/>
						<line number="2524" hits="1"/>
						<line number="2525" hits="2"/>
						<line number="2526" hits="3"/>
						<line number="2527" hits="1"/>
					</lines>
				</class>
				<class name="tmmintrin_h" filename="usr/lib/gcc/x86_64-linux-gnu/5/include/tmmintrin.h" line-rate="0.000">
					<lines>
						<line number="138" hits="0"/>
					</lines>
				</class>
				<class name="SymbolTable_h" filename="home/drc/Desktop/CS5500/HW3/SymbolTable.h" line-rate="0.938">
					<lines>
						<line number="9" hits="6"/>
						<line number="15" hits="2"/>
						<line number="19" hits="2"/>
						<line number="21" hits="1"/>
						<line number="22" hits="1"/>
						<line number="23" hits="1"/>
						<line number="24" hits="1"/>
						<line number="26" hits="0"/>
						<line number="27" hits="1"/>
						<line number="32" hits="2"/>
						<line number="33" hits="1"/>
						<line number="35" hits="1"/>
						<line number="36" hits="1"/>
						<line number="37" hits="1"/>
						<line number="38" hits="1"/>
						<line number="39" hits="1"/>
					</lines>
				</class>
				<class name="stl_pair_h" filename="usr/include/c++/7/bits/stl_pair.h" line-rate="0.818">
					<lines>
						<line number="198" hits="4"/>
						<line number="292" hits="2"/>
						<line number="300" hits="0"/>
						<line number="301" hits="0"/>
						<line number="330" hits="3"/>
						<line number="331" hits="3"/>
						<line number="349" hits="1"/>
						<line number="351" hits="1"/>
						<line number="519" hits="1"/>
						<line number="524" hits="1"/>
						<line number="525" hits="1"/>
					</lines>
				</class>
				<class name="stl_function_h" filename="usr/include/c++/7/bits/stl_function.h" line-rate="1.000">
					<lines>
						<line number="385" hits="1"/>
						<line number="386" hits="1"/>
						<line number="890" hits="1"/>
						<line number="891" hits="1"/>
						<line number="896" hits="1"/>
						<line number="897" hits="1"/>
					</lines>
				</class>
				<class name="stl_stack_h" filename="usr/include/c++/7/bits/stl_stack.h" line-rate="1.000">
					<lines>
						<line number="99" hits="2"/>
						<line number="148" hits="1"/>
						<line number="149" hits="1"/>
						<line number="185" hits="1"/>
						<line number="186" hits="1"/>
						<line number="198" hits="1"/>
						<line number="201" hits="1"/>
						<line number="202" hits="1"/>
						<line number="225" hits="1"/>
						<line number="226" hits="1"/>
						<line number="230" hits="1"/>
						<line number="231" hits="1"/>
						<line number="258" hits="1"/>
						<line number="261" hits="1"/>
						<line number="262" hits="1"/>
					</lines>
				</class>
				<class name="new" filename="usr/include/c++/7/new" line-rate="0.500">
					<lines>
						<line number="169" hits="2"/>
						<line number="174" hits="0"/>
					</lines>
				</class>
				<class name="stl_list_h" filename="usr/include/c++/7/bits/stl_list.h" line-rate="1.000">
					<lines>
						<line number="113" hits="4"/>
						<line number="143" hits="1"/>
						<line number="144" hits="1"/>
						<line number="152" hits="1"/>
						<line number="153" hits="1"/>
						<line number="167" hits="2"/>
						<line number="169" hits="1"/>
						<line number="170" hits="1"/>
						<line number="171" hits="1"/>
						<line number="172" hits="1"/>
						<line number="194" hits="1"/>
						<line number="195" hits="1"/>
						<line number="323" hits="2"/>
						<line number="332" hits="1"/>
						<line number="333" hits="1"/>
						<line number="334" hits="1"/>
						<line number="352" hits="2"/>
						<line number="354" hits="2"/>
						<line number="382" hits="1"/>
						<line number="383" hits="1"/>
						<line number="386" hits="1"/>
						<line number="387" hits="1"/>
						<line number="393" hits="1"/>
						<line number="394" hits="1"/>
						<line number="400" hits="1"/>
						<line number="401" hits="1"/>
						<line number="402" hits="1"/>
						<line number="441" hits="1"/>
						<line number="442" hits="1"/>
						<line number="448" hits="1"/>
						<line number="450" hits="1"/>
						<line number="451" hits="1"/>
						<line number="452" hits="1"/>
						<line number="453" hits="1"/>
						<line number="570" hits="2"/>
						<line number="572" hits="1"/>
						<line number="573" hits="1"/>
						<line number="574" hits="2"/>
						<line number="575" hits="1"/>
						<line number="577" hits="1"/>
						<line number="578" hits="2"/>
						<line number="579" hits="1"/>
						<line number="589" hits="1"/>
						<line number="593" hits="1"/>
						<line number="733" hits="2"/>
						<line number="851" hits="2"/>
						<line number="852" hits="1"/>
						<line number="869" hits="2"/>
						<line number="870" hits="1"/>
						<line number="1067" hits="1"/>
						<line number="1068" hits="1"/>
						<line number="1404" hits="1"/>
						<line number="1406" hits="1"/>
						<line number="1407" hits="1"/>
						<line number="1408" hits="1"/>
						<line number="1799" hits="1"/>
						<line number="1801" hits="1"/>
						<line number="1802" hits="1"/>
						<line number="1803" hits="1"/>
						<line number="1804" hits="1"/>
					</lines>
				</class>
			</classes>
		</package>
	</packages>
</coverage>
